<?xml version="1.0" encoding="UTF-8"?>
<!-- Generated by org.testng.reporters.JUnitReportReporter -->
<testsuite hostname="Amol" failures="0" tests="1" name="UAT.AOS.testLogin" time="54945.070" errors="0" timestamp="2024-03-21T10:24:25 IST" skipped="0">
  <testcase classname="UAT.AOS.testLogin" name="createpdf" time="54945.070"/>
</testsuite> <!-- UAT.AOS.testLogin -->
